[2023-04-12 00:05:36] INFO root fetch - main [MainThread]: Get Changelog since Serial: [17666782]
[2023-04-12 00:05:41] INFO root fetch - main [MainThread]: Found 18 changed packages
[2023-04-12 00:05:41] INFO root fetch - processPackages [agora-busclient]: New version: [1.0.9] Old Version: [1.0.8]
[2023-04-12 00:05:41] INFO root fetch - processPackages [agora-config]: New version: [1.0.9] Old Version: [1.0.8]
[2023-04-12 00:05:41] INFO root fetch - processPackages [agoraiot]: New version: [1.0.9] Old Version: [1.0.8]
[2023-04-12 00:05:41] INFO root fetch - processPackages [agora-logging]: New version: [1.0.9] Old Version: [1.0.8]
[2023-04-12 00:05:41] INFO root fetch - processPackages [icn3dpy]: New version: [3.9.0] Old Version: [3.8.1]
[2023-04-12 00:05:41] INFO root fetch - processPackages [agora-logging]: Downloading https://files.pythonhosted.org/packages/d2/39/638a9e01a2e91b107882e0023519d858d9ea5c4cb253b30bc7cf4864c23b/agora_logging-1.0.8-py2.py3-none-any.whl
[2023-04-12 00:05:41] INFO root fetch - processPackages [agora-busclient]: Downloading https://files.pythonhosted.org/packages/83/c6/8bf5d93c612541df610b5eb4aabe68ff70e3aecf862f3cde867c63308c62/agora_busclient-1.0.8-py2.py3-none-any.whl
[2023-04-12 00:05:41] INFO root fetch - processPackages [agora-config]: Downloading https://files.pythonhosted.org/packages/17/5f/cabc6be10e89630eafc28c9b209245714c46e34955c60cb38e94dde60b2f/agora_config-1.0.8-py2.py3-none-any.whl
[2023-04-12 00:05:41] INFO root fetch - processPackages [agoraiot]: Downloading https://files.pythonhosted.org/packages/8a/e0/414fcdb4273e8b74d9c5a66d12df619ba9d6a30afa6bda0510a07a36c410/agoraiot-1.0.8-py2.py3-none-any.whl
[2023-04-12 00:05:41] INFO root fetch - processPackages [icn3dpy]: executing diffoscope
[2023-04-12 00:05:41] INFO root fetch - processPackages [icn3dpy]: podman run --user 0:0 --rm -w /home/abi/fetcher -v /home/abi/fetcher/tmp:/home/abi/fetcher/tmp:ro -v /home/abi/fetcher/20230412:/home/abi/fetcher/20230412:rw registry.salsa.debian.org/reproducible-builds/diffoscope --no-progress tmp/icn3dpy-3.8.1.tar.gz tmp/icn3dpy-3.9.0.tar.gz --markdown 20230412/i/icn3dpy/3.8.1-3.9.0/diff.md --exclude *.pyd
[2023-04-12 00:05:42] INFO root fetch - processPackages [agora-config]: Downloading https://files.pythonhosted.org/packages/b4/be/4986503ea9eb1ff31ad854650d7bed4e8a12ddf712460e60480c0ee44114/agora_config-1.0.9-py2.py3-none-any.whl
[2023-04-12 00:05:42] INFO root fetch - processPackages [agora-logging]: Downloading https://files.pythonhosted.org/packages/4b/46/8e527f1076a1d8603244285bf7f9c4921df1a7ed7a6bb6e938f13bb72bf4/agora_logging-1.0.9-py2.py3-none-any.whl
[2023-04-12 00:05:42] INFO root fetch - processPackages [agora-busclient]: Downloading https://files.pythonhosted.org/packages/84/91/fdce585fbc9fe0ed208907c48c2e24f9812b7e2a159f422fed99764e7ab3/agora_busclient-1.0.9-py2.py3-none-any.whl
[2023-04-12 00:05:42] INFO root fetch - processPackages [agoraiot]: Downloading https://files.pythonhosted.org/packages/b4/0a/176dd13f5a497634b32c7d6ea11b16c2a383d3c61275449702720b00392e/agoraiot-1.0.9-py2.py3-none-any.whl
[2023-04-12 00:05:42] INFO root fetch - processPackages [agora-logging]: executing diffoscope
[2023-04-12 00:05:42] INFO root fetch - processPackages [agora-logging]: podman run --user 0:0 --rm -w /home/abi/fetcher -v /home/abi/fetcher/tmp:/home/abi/fetcher/tmp:ro -v /home/abi/fetcher/20230412:/home/abi/fetcher/20230412:rw registry.salsa.debian.org/reproducible-builds/diffoscope --no-progress tmp/agora_logging-1.0.8-py2.py3-none-any.whl.zip tmp/agora_logging-1.0.9-py2.py3-none-any.whl.zip --markdown 20230412/a/agora-logging/1.0.8-1.0.9/diff.md --exclude *.pyd
[2023-04-12 00:05:42] INFO root fetch - processPackages [agora-config]: executing diffoscope
[2023-04-12 00:05:42] INFO root fetch - processPackages [agora-config]: podman run --user 0:0 --rm -w /home/abi/fetcher -v /home/abi/fetcher/tmp:/home/abi/fetcher/tmp:ro -v /home/abi/fetcher/20230412:/home/abi/fetcher/20230412:rw registry.salsa.debian.org/reproducible-builds/diffoscope --no-progress tmp/agora_config-1.0.8-py2.py3-none-any.whl.zip tmp/agora_config-1.0.9-py2.py3-none-any.whl.zip --markdown 20230412/a/agora-config/1.0.8-1.0.9/diff.md --exclude *.pyd
[2023-04-12 00:05:42] INFO root fetch - processPackages [agora-busclient]: executing diffoscope
[2023-04-12 00:05:42] INFO root fetch - processPackages [agora-busclient]: podman run --user 0:0 --rm -w /home/abi/fetcher -v /home/abi/fetcher/tmp:/home/abi/fetcher/tmp:ro -v /home/abi/fetcher/20230412:/home/abi/fetcher/20230412:rw registry.salsa.debian.org/reproducible-builds/diffoscope --no-progress tmp/agora_busclient-1.0.8-py2.py3-none-any.whl.zip tmp/agora_busclient-1.0.9-py2.py3-none-any.whl.zip --markdown 20230412/a/agora-busclient/1.0.8-1.0.9/diff.md --exclude *.pyd
[2023-04-12 00:05:42] INFO root fetch - processPackages [agoraiot]: executing diffoscope
[2023-04-12 00:05:42] INFO root fetch - processPackages [agoraiot]: podman run --user 0:0 --rm -w /home/abi/fetcher -v /home/abi/fetcher/tmp:/home/abi/fetcher/tmp:ro -v /home/abi/fetcher/20230412:/home/abi/fetcher/20230412:rw registry.salsa.debian.org/reproducible-builds/diffoscope --no-progress tmp/agoraiot-1.0.8-py2.py3-none-any.whl.zip tmp/agoraiot-1.0.9-py2.py3-none-any.whl.zip --markdown 20230412/a/agoraiot/1.0.8-1.0.9/diff.md --exclude *.pyd
[2023-04-12 00:05:43] INFO root fetch - main [MainThread]: success
[2023-04-12 00:05:43] INFO root fetch - processPackages [agora-utils]: New version: [1.0.9] Old Version: [1.0.8]
[2023-04-12 00:05:43] INFO root fetch - main [MainThread]: success
[2023-04-12 00:05:43] INFO root fetch - processPackages [popari]: New version: [0.0.9] Old Version: [0.0.8]
[2023-04-12 00:05:43] INFO root fetch - main [MainThread]: success
[2023-04-12 00:05:43] INFO root fetch - processPackages [arkdriver]: New version: [0.1.9] Old Version: [0.1.8]
[2023-04-12 00:05:44] INFO root fetch - processPackages [arkdriver]: Downloading https://files.pythonhosted.org/packages/fc/07/bbb2e4f0042e5c0c25db38911dd89d60c147d1044392120aa839e3b15c25/arkdriver-0.1.8.tar.gz
[2023-04-12 00:05:44] INFO root fetch - processPackages [agora-utils]: Downloading https://files.pythonhosted.org/packages/f7/a4/337cc9cbf8da50bdcc5550fbd4b3efada97b862628661f8d94aaaa172b63/agora_utils-1.0.8-py2.py3-none-any.whl
[2023-04-12 00:05:44] INFO root fetch - processPackages [popari]: Downloading https://files.pythonhosted.org/packages/65/f5/68787d0eb687fa6534508cde4244cf24659ad0a55bb61543bda2f0768e5b/popari-0.0.8.tar.gz
[2023-04-12 00:05:44] WARNING root fetch - processPackages [arkdriver]: Skipping package: exceeds size limit 23411222>=10485760
[2023-04-12 00:05:44] INFO root fetch - main [MainThread]: error
[2023-04-12 00:05:44] INFO root fetch - processPackages [SIOTC]: New version: [0.1.3] Old Version: [0.1.2]
[2023-04-12 00:05:44] INFO root fetch - main [MainThread]: success
[2023-04-12 00:05:44] INFO root fetch - main [MainThread]: success
[2023-04-12 00:05:44] INFO root fetch - processPackages [pypalexcpptest]: New version: [0.0.2] Old Version: [0.0.1]
[2023-04-12 00:05:44] INFO root fetch - processPackages [pseudopeople]: New version: [0.4.0] Old Version: [0.3.2]
[2023-04-12 00:05:44] INFO root fetch - processPackages [SIOTC]: Downloading https://files.pythonhosted.org/packages/4f/68/b4c42ceedf9995bbaea51633cf3ab4fa09dc25060dc79004e88ae7fc2240/SIOTC-0.1.2.tar.gz
[2023-04-12 00:05:44] INFO root fetch - processPackages [pypalexcpptest]: Downloading https://files.pythonhosted.org/packages/f6/b7/eabc7dba42ca7b9f270cfb27793778ba2972da04a6a5225f10ef0fd113af/pypalexcpptest-0.0.1.tar.gz
[2023-04-12 00:05:44] INFO root fetch - processPackages [agora-utils]: Downloading https://files.pythonhosted.org/packages/bb/46/5bf6a1160cf2828e539b496682d85243fc627d93d680ae4ecceac1f0798e/agora_utils-1.0.9-py2.py3-none-any.whl
[2023-04-12 00:05:44] INFO root fetch - processPackages [pseudopeople]: Downloading https://files.pythonhosted.org/packages/ae/df/5b32bd6df9083bc3a27720c303b3d142110201ba3882e595842770def839/pseudopeople-0.3.2.tar.gz
[2023-04-12 00:05:44] INFO root fetch - processPackages [popari]: Downloading https://files.pythonhosted.org/packages/32/90/548a88df5e1bb4876e07dc08dd3a6dcdf5c38aa7475663db4eb10bb88caf/popari-0.0.9.tar.gz
[2023-04-12 00:05:44] INFO root fetch - processPackages [agora-utils]: executing diffoscope
[2023-04-12 00:05:44] INFO root fetch - processPackages [agora-utils]: podman run --user 0:0 --rm -w /home/abi/fetcher -v /home/abi/fetcher/tmp:/home/abi/fetcher/tmp:ro -v /home/abi/fetcher/20230412:/home/abi/fetcher/20230412:rw registry.salsa.debian.org/reproducible-builds/diffoscope --no-progress tmp/agora_utils-1.0.8-py2.py3-none-any.whl.zip tmp/agora_utils-1.0.9-py2.py3-none-any.whl.zip --markdown 20230412/a/agora-utils/1.0.8-1.0.9/diff.md --exclude *.pyd
[2023-04-12 00:05:44] INFO root fetch - processPackages [SIOTC]: Downloading https://files.pythonhosted.org/packages/f5/57/a466ca39fb0a07bd194805fe2fc0e987df71c62ddd43718761c0dd7308f0/SIOTC-0.1.3.tar.gz
[2023-04-12 00:05:44] INFO root fetch - processPackages [popari]: executing diffoscope
[2023-04-12 00:05:44] INFO root fetch - processPackages [popari]: podman run --user 0:0 --rm -w /home/abi/fetcher -v /home/abi/fetcher/tmp:/home/abi/fetcher/tmp:ro -v /home/abi/fetcher/20230412:/home/abi/fetcher/20230412:rw registry.salsa.debian.org/reproducible-builds/diffoscope --no-progress tmp/popari-0.0.8.tar.gz tmp/popari-0.0.9.tar.gz --markdown 20230412/p/popari/0.0.8-0.0.9/diff.md --exclude *.pyd
[2023-04-12 00:05:44] INFO root fetch - processPackages [pypalexcpptest]: Downloading https://files.pythonhosted.org/packages/6e/3a/89b1af5c057974bc4e31dee439f27920fdf2e2c552198c8b9cc67aac93ab/pypalexcpptest-0.0.2.tar.gz
[2023-04-12 00:05:44] INFO root fetch - processPackages [SIOTC]: executing diffoscope
[2023-04-12 00:05:44] INFO root fetch - processPackages [SIOTC]: podman run --user 0:0 --rm -w /home/abi/fetcher -v /home/abi/fetcher/tmp:/home/abi/fetcher/tmp:ro -v /home/abi/fetcher/20230412:/home/abi/fetcher/20230412:rw registry.salsa.debian.org/reproducible-builds/diffoscope --no-progress tmp/SIOTC-0.1.2.tar.gz tmp/SIOTC-0.1.3.tar.gz --markdown 20230412/S/SIOTC/0.1.2-0.1.3/diff.md --exclude *.pyd
[2023-04-12 00:05:45] INFO root fetch - processPackages [pypalexcpptest]: executing diffoscope
[2023-04-12 00:05:45] INFO root fetch - processPackages [pypalexcpptest]: podman run --user 0:0 --rm -w /home/abi/fetcher -v /home/abi/fetcher/tmp:/home/abi/fetcher/tmp:ro -v /home/abi/fetcher/20230412:/home/abi/fetcher/20230412:rw registry.salsa.debian.org/reproducible-builds/diffoscope --no-progress tmp/pypalexcpptest-0.0.1.tar.gz tmp/pypalexcpptest-0.0.2.tar.gz --markdown 20230412/p/pypalexcpptest/0.0.1-0.0.2/diff.md --exclude *.pyd
[2023-04-12 00:05:45] INFO root fetch - main [MainThread]: success
[2023-04-12 00:05:45] INFO root fetch - processPackages [dreifus]: New version: [0.0.5] Old Version: [0.0.4]
[2023-04-12 00:05:46] INFO root fetch - processPackages [dreifus]: Downloading https://files.pythonhosted.org/packages/2e/88/c349816f55d20f9ecd41de2cb835846c813bb6404f7aa014ff233795342c/dreifus-0.0.4.tar.gz
[2023-04-12 00:05:46] INFO root fetch - main [MainThread]: success
[2023-04-12 00:05:46] INFO root fetch - processPackages [async-sqs-consumer]: New version: [0.3.7] Old Version: [0.3.6]
[2023-04-12 00:05:46] INFO root fetch - main [MainThread]: success
[2023-04-12 00:05:46] INFO root fetch - processPackages [funannotate]: New version: [1.8.9] Old Version: [1.8.7]
[2023-04-12 00:05:46] INFO root fetch - processPackages [async-sqs-consumer]: Downloading https://files.pythonhosted.org/packages/c8/7c/10e406b2659faade83e6ddcfb6247e1e3e5b30811a7603c2015db964872c/async_sqs_consumer-0.3.7.tar.gz
[2023-04-12 00:05:46] INFO root fetch - processPackages [dreifus]: Downloading https://files.pythonhosted.org/packages/75/3e/d757ad9815936f21b8022b48dc19681e27bc7c4cd5981578191103d05399/dreifus-0.0.5.tar.gz
[2023-04-12 00:05:46] INFO root fetch - main [MainThread]: success
[2023-04-12 00:05:46] WARNING root fetch - processPackages [jarvis-leaderboard]: Skipping, unable to determine old version
[2023-04-12 00:05:46] INFO root fetch - main [MainThread]: error
[2023-04-12 00:05:46] INFO root fetch - processPackages [globalsearch]: New version: [0.2.1] Old Version: [0.2.0]
[2023-04-12 00:05:46] INFO root fetch - processPackages [async-sqs-consumer]: executing diffoscope
[2023-04-12 00:05:46] INFO root fetch - processPackages [async-sqs-consumer]: podman run --user 0:0 --rm -w /home/abi/fetcher -v /home/abi/fetcher/tmp:/home/abi/fetcher/tmp:ro -v /home/abi/fetcher/20230412:/home/abi/fetcher/20230412:rw registry.salsa.debian.org/reproducible-builds/diffoscope --no-progress tmp/async_sqs_consumer-0.3.6.tar.gz tmp/async_sqs_consumer-0.3.7.tar.gz --markdown 20230412/a/async-sqs-consumer/0.3.6-0.3.7/diff.md --exclude *.pyd
[2023-04-12 00:05:46] INFO root fetch - processPackages [dreifus]: executing diffoscope
[2023-04-12 00:05:46] INFO root fetch - processPackages [dreifus]: podman run --user 0:0 --rm -w /home/abi/fetcher -v /home/abi/fetcher/tmp:/home/abi/fetcher/tmp:ro -v /home/abi/fetcher/20230412:/home/abi/fetcher/20230412:rw registry.salsa.debian.org/reproducible-builds/diffoscope --no-progress tmp/dreifus-0.0.4.tar.gz tmp/dreifus-0.0.5.tar.gz --markdown 20230412/d/dreifus/0.0.4-0.0.5/diff.md --exclude *.pyd
[2023-04-12 00:05:46] INFO root fetch - processPackages [funannotate]: Downloading https://files.pythonhosted.org/packages/17/79/37b08c79eba35cea7873315f59d439b226c3c97ca56215696ec3f3d8ba4e/funannotate-1.8.7.tar.gz
[2023-04-12 00:05:46] INFO root fetch - processPackages [globalsearch]: Downloading https://files.pythonhosted.org/packages/b7/51/644c6be5272fae2f96b595e7c70d17e2da693246b1bef53220a4c8f90d7e/globalsearch-0.2.1.tar.gz
[2023-04-12 00:05:46] INFO root fetch - processPackages [pseudopeople]: Downloading https://files.pythonhosted.org/packages/97/1a/7274b15808da794f671261a0348f6072bf05fecfded94349f753360cafaa/pseudopeople-0.4.0.tar.gz
[2023-04-12 00:05:46] INFO root fetch - processPackages [globalsearch]: executing diffoscope
[2023-04-12 00:05:46] INFO root fetch - processPackages [globalsearch]: podman run --user 0:0 --rm -w /home/abi/fetcher -v /home/abi/fetcher/tmp:/home/abi/fetcher/tmp:ro -v /home/abi/fetcher/20230412:/home/abi/fetcher/20230412:rw registry.salsa.debian.org/reproducible-builds/diffoscope --no-progress tmp/globalsearch-0.2.0.tar.gz tmp/globalsearch-0.2.1.tar.gz --markdown 20230412/g/globalsearch/0.2.0-0.2.1/diff.md --exclude *.pyd
[2023-04-12 00:05:46] WARNING root fetch - processPackages [pseudopeople]: Skipping package: exceeds size limit 10487042>=10485760
[2023-04-12 00:05:46] INFO root fetch - main [MainThread]: error
[2023-04-12 00:05:46] INFO root fetch - processPackages [kshape]: New version: [1.0.5] Old Version: [1.0.4]
[2023-04-12 00:05:47] INFO root fetch - processPackages [funannotate]: Downloading https://files.pythonhosted.org/packages/fe/24/9d6c5949bb2c5c3382a0a9549845bf7d28cec6c34054f71daba5bde22a6e/funannotate-1.8.9.tar.gz
[2023-04-12 00:05:47] INFO root fetch - processPackages [kshape]: Downloading https://files.pythonhosted.org/packages/3c/a2/0e80388f65d035334c7ee1559d233d215eaad77190b23207a67f9f18247d/kshape-1.0.4.tar.gz
[2023-04-12 00:05:47] INFO root fetch - processPackages [funannotate]: executing diffoscope
[2023-04-12 00:05:47] INFO root fetch - processPackages [funannotate]: podman run --user 0:0 --rm -w /home/abi/fetcher -v /home/abi/fetcher/tmp:/home/abi/fetcher/tmp:ro -v /home/abi/fetcher/20230412:/home/abi/fetcher/20230412:rw registry.salsa.debian.org/reproducible-builds/diffoscope --no-progress tmp/funannotate-1.8.7.tar.gz tmp/funannotate-1.8.9.tar.gz --markdown 20230412/f/funannotate/1.8.7-1.8.9/diff.md --exclude *.pyd
[2023-04-12 00:05:47] INFO root fetch - processPackages [kshape]: Downloading https://files.pythonhosted.org/packages/4e/18/41185a5e2609ef2b2fcc46b46c86907da2d20974a103a0fcae16c1e8acd8/kshape-1.0.5.tar.gz
[2023-04-12 00:05:47] INFO root fetch - processPackages [kshape]: executing diffoscope
[2023-04-12 00:05:47] INFO root fetch - processPackages [kshape]: podman run --user 0:0 --rm -w /home/abi/fetcher -v /home/abi/fetcher/tmp:/home/abi/fetcher/tmp:ro -v /home/abi/fetcher/20230412:/home/abi/fetcher/20230412:rw registry.salsa.debian.org/reproducible-builds/diffoscope --no-progress tmp/kshape-1.0.4.tar.gz tmp/kshape-1.0.5.tar.gz --markdown 20230412/k/kshape/1.0.4-1.0.5/diff.md --exclude *.pyd
[2023-04-12 00:05:47] INFO root fetch - main [MainThread]: success
[2023-04-12 00:05:47] INFO root fetch - processPackages [mosaicml-cli]: New version: [0.3.5] Old Version: [0.3.4]
[2023-04-12 00:05:47] INFO root fetch - main [MainThread]: success
[2023-04-12 00:05:48] INFO root fetch - processPackages [mosaicml-cli]: Downloading https://files.pythonhosted.org/packages/b4/0d/e43122f56fb5edc0e1740bd1c53459911483b0b0245fbe8d3f3748f997ad/mosaicml_cli-0.3.5-py3-none-any.whl
[2023-04-12 00:05:48] INFO root fetch - main [MainThread]: success
[2023-04-12 00:05:48] INFO root fetch - processPackages [mosaicml-cli]: executing diffoscope
[2023-04-12 00:05:48] INFO root fetch - processPackages [mosaicml-cli]: podman run --user 0:0 --rm -w /home/abi/fetcher -v /home/abi/fetcher/tmp:/home/abi/fetcher/tmp:ro -v /home/abi/fetcher/20230412:/home/abi/fetcher/20230412:rw registry.salsa.debian.org/reproducible-builds/diffoscope --no-progress tmp/mosaicml-cli-0.3.4.tar.gz tmp/mosaicml_cli-0.3.5-py3-none-any.whl.zip --markdown 20230412/m/mosaicml-cli/0.3.4-0.3.5/diff.md --exclude *.pyd
[2023-04-12 00:05:48] INFO root fetch - main [MainThread]: success
[2023-04-12 00:05:49] INFO root fetch - main [MainThread]: success
[2023-04-12 00:05:51] INFO root fetch - main [MainThread]: success
[2023-04-12 00:05:51] INFO root fetch - main [MainThread]: Store serial: [17666838]
[2023-04-12 00:10:54] INFO root fetch - main [MainThread]: Get Changelog since Serial: [17666838]
[2023-04-12 00:10:58] INFO root fetch - main [MainThread]: Found 8 changed packages
[2023-04-12 00:10:58] INFO root fetch - processPackages [Qpai]: New version: [0.0.2] Old Version: [0.0.1]
[2023-04-12 00:10:58] INFO root fetch - processPackages [structureboost]: New version: [0.4.0] Old Version: [0.3.1]
[2023-04-12 00:10:58] INFO root fetch - processPackages [geomapdemo]: New version: [0.1.0] Old Version: [0.0.5]
[2023-04-12 00:10:58] INFO root fetch - processPackages [pepperize.cdk-serverless-cluster-from-snapshot]: New version: [0.0.99] Old Version: [0.0.98]
[2023-04-12 00:10:58] INFO root fetch - processPackages [dnastack-client-library]: New version: [3.0.84a1651270839] Old Version: [3.0.81a1650987643]
[2023-04-12 00:10:58] INFO root fetch - processPackages [Qpai]: Downloading https://files.pythonhosted.org/packages/d6/97/4d56a9e923278922f1782fe156d047934ca3d60585a6d69a610fb10e5a7b/Qpai-0.0.1.tar.gz
[2023-04-12 00:10:58] INFO root fetch - processPackages [pepperize.cdk-serverless-cluster-from-snapshot]: executing diffoscope
[2023-04-12 00:10:58] INFO root fetch - processPackages [pepperize.cdk-serverless-cluster-from-snapshot]: podman run --user 0:0 --rm -w /home/abi/fetcher -v /home/abi/fetcher/tmp:/home/abi/fetcher/tmp:ro -v /home/abi/fetcher/20230412:/home/abi/fetcher/20230412:rw registry.salsa.debian.org/reproducible-builds/diffoscope --no-progress tmp/pepperize.cdk-serverless-cluster-from-snapshot-0.0.98.tar.gz tmp/pepperize.cdk-serverless-cluster-from-snapshot-0.0.99.tar.gz --markdown 20230412/p/pepperize.cdk-serverless-cluster-from-snapshot/0.0.98-0.0.99/diff.md --exclude *.pyd
[2023-04-12 00:10:58] INFO root fetch - processPackages [geomapdemo]: Downloading https://files.pythonhosted.org/packages/fe/f8/92706109ab1d553ba21da98b785da02b675693abc276a80deb89a2214d98/geomapdemo-0.1.0.tar.gz
[2023-04-12 00:10:58] INFO root fetch - processPackages [structureboost]: Downloading https://files.pythonhosted.org/packages/6c/a3/b2b92bb736a13b19c311e0242896d45b254eed0646a761a6d929eb649078/structureboost-0.3.1.tar.gz
[2023-04-12 00:10:58] INFO root fetch - processPackages [dnastack-client-library]: Downloading https://files.pythonhosted.org/packages/a5/7b/18c6a0589415b823e08b73c6b477cd2b4b2aebad456466b3cd8b1ec58e57/dnastack_client_library-3.0.81a1650987643-py3-none-any.whl
[2023-04-12 00:10:59] INFO root fetch - processPackages [geomapdemo]: executing diffoscope
[2023-04-12 00:10:59] INFO root fetch - processPackages [geomapdemo]: podman run --user 0:0 --rm -w /home/abi/fetcher -v /home/abi/fetcher/tmp:/home/abi/fetcher/tmp:ro -v /home/abi/fetcher/20230412:/home/abi/fetcher/20230412:rw registry.salsa.debian.org/reproducible-builds/diffoscope --no-progress tmp/geomapdemo-0.0.5.tar.gz tmp/geomapdemo-0.1.0.tar.gz --markdown 20230412/g/geomapdemo/0.0.5-0.1.0/diff.md --exclude *.pyd
[2023-04-12 00:10:59] INFO root fetch - processPackages [Qpai]: Downloading https://files.pythonhosted.org/packages/67/12/977c1f47ae7934efce2c2211d151c6d64ea93c5d637ed3020586b07e2cc0/Qpai-0.0.2.tar.gz
[2023-04-12 00:10:59] INFO root fetch - processPackages [structureboost]: Downloading https://files.pythonhosted.org/packages/85/69/3ce255e9e2d6ef75fa7f57066db6010805bf18a4186d9f1218a2b8cd377a/structureboost-0.4.0.tar.gz
[2023-04-12 00:10:59] INFO root fetch - processPackages [Qpai]: executing diffoscope
[2023-04-12 00:10:59] INFO root fetch - processPackages [Qpai]: podman run --user 0:0 --rm -w /home/abi/fetcher -v /home/abi/fetcher/tmp:/home/abi/fetcher/tmp:ro -v /home/abi/fetcher/20230412:/home/abi/fetcher/20230412:rw registry.salsa.debian.org/reproducible-builds/diffoscope --no-progress tmp/Qpai-0.0.1.tar.gz tmp/Qpai-0.0.2.tar.gz --markdown 20230412/Q/Qpai/0.0.1-0.0.2/diff.md --exclude *.pyd
[2023-04-12 00:10:59] INFO root fetch - processPackages [dnastack-client-library]: Downloading https://files.pythonhosted.org/packages/17/c7/5b87ff0cbee36b18e2e564381bca5b902804ee6c2844ca28031ffa63db35/dnastack_client_library-3.0.84a1651270839-py3-none-any.whl
[2023-04-12 00:10:59] INFO root fetch - processPackages [structureboost]: executing diffoscope
[2023-04-12 00:10:59] INFO root fetch - processPackages [structureboost]: podman run --user 0:0 --rm -w /home/abi/fetcher -v /home/abi/fetcher/tmp:/home/abi/fetcher/tmp:ro -v /home/abi/fetcher/20230412:/home/abi/fetcher/20230412:rw registry.salsa.debian.org/reproducible-builds/diffoscope --no-progress tmp/structureboost-0.3.1.tar.gz tmp/structureboost-0.4.0.tar.gz --markdown 20230412/s/structureboost/0.3.1-0.4.0/diff.md --exclude *.pyd
[2023-04-12 00:11:00] INFO root fetch - processPackages [dnastack-client-library]: executing diffoscope
[2023-04-12 00:11:00] INFO root fetch - processPackages [dnastack-client-library]: podman run --user 0:0 --rm -w /home/abi/fetcher -v /home/abi/fetcher/tmp:/home/abi/fetcher/tmp:ro -v /home/abi/fetcher/20230412:/home/abi/fetcher/20230412:rw registry.salsa.debian.org/reproducible-builds/diffoscope --no-progress tmp/dnastack_client_library-3.0.81a1650987643-py3-none-any.whl.zip tmp/dnastack_client_library-3.0.84a1651270839-py3-none-any.whl.zip --markdown 20230412/d/dnastack-client-library/3.0.81a1650987643-3.0.84a1651270839/diff.md --exclude *.pyd
[2023-04-12 00:11:00] INFO root fetch - main [MainThread]: success
[2023-04-12 00:11:00] INFO root fetch - processPackages [cchenutils]: New version: [0.5.9] Old Version: [0.5.8]
[2023-04-12 00:11:00] INFO root fetch - processPackages [cchenutils]: executing diffoscope
[2023-04-12 00:11:00] INFO root fetch - processPackages [cchenutils]: podman run --user 0:0 --rm -w /home/abi/fetcher -v /home/abi/fetcher/tmp:/home/abi/fetcher/tmp:ro -v /home/abi/fetcher/20230412:/home/abi/fetcher/20230412:rw registry.salsa.debian.org/reproducible-builds/diffoscope --no-progress tmp/cchenutils-0.5.8-py3-none-any.whl.zip tmp/cchenutils-0.5.9-py3-none-any.whl.zip --markdown 20230412/c/cchenutils/0.5.8-0.5.9/diff.md --exclude *.pyd
[2023-04-12 00:11:00] INFO root fetch - main [MainThread]: success
[2023-04-12 00:11:00] INFO root fetch - processPackages [sleepyask]: New version: [4.4.0] Old Version: [4.3.2]
[2023-04-12 00:11:01] INFO root fetch - processPackages [sleepyask]: Downloading https://files.pythonhosted.org/packages/21/95/fb4644c24feb17c5ed00eae21d18013bd49af6c8762031676d0ff05ca4fb/sleepyask-4.3.2.tar.gz
[2023-04-12 00:11:01] INFO root fetch - main [MainThread]: success
[2023-04-12 00:11:01] INFO root fetch - processPackages [pyfunctional-elunico]: New version: [0.9.0] Old Version: [0.8.1]
[2023-04-12 00:11:01] INFO root fetch - processPackages [sleepyask]: Downloading https://files.pythonhosted.org/packages/a5/e8/8f8794777958b070dd5ad876ae86e996aad0516a05b761af030729792826/sleepyask-4.4.0.tar.gz
[2023-04-12 00:11:01] INFO root fetch - processPackages [pyfunctional-elunico]: Downloading https://files.pythonhosted.org/packages/95/45/f3a7e6d514da69989a7c17f1af4716a8c767f82291a2828bbe2ee2c17106/pyfunctional-elunico-0.8.1.tar.gz
[2023-04-12 00:11:01] INFO root fetch - processPackages [sleepyask]: executing diffoscope
[2023-04-12 00:11:01] INFO root fetch - processPackages [sleepyask]: podman run --user 0:0 --rm -w /home/abi/fetcher -v /home/abi/fetcher/tmp:/home/abi/fetcher/tmp:ro -v /home/abi/fetcher/20230412:/home/abi/fetcher/20230412:rw registry.salsa.debian.org/reproducible-builds/diffoscope --no-progress tmp/sleepyask-4.3.2.tar.gz tmp/sleepyask-4.4.0.tar.gz --markdown 20230412/s/sleepyask/4.3.2-4.4.0/diff.md --exclude *.pyd
[2023-04-12 00:11:01] INFO root fetch - main [MainThread]: success
[2023-04-12 00:11:01] INFO root fetch - processPackages [pyfunctional-elunico]: Downloading https://files.pythonhosted.org/packages/23/07/648c6886bc14a778b943423b80842c8dbaee8c54f83d6440a9fbfa0a37d4/pyfunctional-elunico-0.9.0.tar.gz
[2023-04-12 00:11:02] INFO root fetch - main [MainThread]: success
[2023-04-12 00:11:02] INFO root fetch - processPackages [pyfunctional-elunico]: executing diffoscope
[2023-04-12 00:11:02] INFO root fetch - processPackages [pyfunctional-elunico]: podman run --user 0:0 --rm -w /home/abi/fetcher -v /home/abi/fetcher/tmp:/home/abi/fetcher/tmp:ro -v /home/abi/fetcher/20230412:/home/abi/fetcher/20230412:rw registry.salsa.debian.org/reproducible-builds/diffoscope --no-progress tmp/pyfunctional-elunico-0.8.1.tar.gz tmp/pyfunctional-elunico-0.9.0.tar.gz --markdown 20230412/p/pyfunctional-elunico/0.8.1-0.9.0/diff.md --exclude *.pyd
[2023-04-12 00:11:02] INFO root fetch - main [MainThread]: success
[2023-04-12 00:11:03] INFO root fetch - main [MainThread]: success
[2023-04-12 00:11:06] INFO root fetch - main [MainThread]: success
[2023-04-12 00:11:06] INFO root fetch - main [MainThread]: Store serial: [17666861]
